Using pre-set license
Built from '2021.1/staging' branch; Version is '2021.1.15f1 (e767a7370072) revision 15165351'; Using compiler version '192528614'; Build Type 'Release'
OS: 'Windows 10 Home; OS build 19042.928; Version 2009; 64bit' Language: 'ja' Physical Memory: 7545 MB
BatchMode: 1, IsHumanControllingUs: 0, StartBugReporterOnCrash: 0, Is64bit: 1, IsPro: 0

 COMMAND LINE ARGUMENTS:
C:\Program Files\Unity\Hub\Editor\2021.1.15f1\Editor\Unity.exe
-adb2
-batchMode
-noUpm
-name
AssetImportWorker0
-projectPath
C:/Users/sassa/unity/ClimbCloud
-logFile
Logs/AssetImportWorker0.log
-srvPort
60863
Successfully changed project path to: C:/Users/sassa/unity/ClimbCloud
C:/Users/sassa/unity/ClimbCloud
Using Asset Import Pipeline V2.
Refreshing native plugins compatible for Editor in 117.18 ms, found 4 plugins.
Preloading 0 native plugins for Editor in 0.00 ms.
Initialize engine version: 2021.1.15f1 (e767a7370072)
[Subsystems] Discovering subsystems at path C:/Program Files/Unity/Hub/Editor/2021.1.15f1/Editor/Data/Resources/UnitySubsystems
[Subsystems] Discovering subsystems at path C:/Users/sassa/unity/ClimbCloud/Assets
GfxDevice: creating device client; threaded=0; jobified=0
Direct3D:
    Version:  Direct3D 11.0 [level 11.1]
    Renderer: AMD Radeon(TM) Graphics (ID=0x1636)
    Vendor:   ATI
    VRAM:     3772 MB
    Driver:   27.20.11020.11001
Initialize mono
Mono path[0] = 'C:/Program Files/Unity/Hub/Editor/2021.1.15f1/Editor/Data/Managed'
Mono path[1] = 'C:/Program Files/Unity/Hub/Editor/2021.1.15f1/Editor/Data/MonoBleedingEdge/lib/mono/unityjit'
Mono config path = 'C:/Program Files/Unity/Hub/Editor/2021.1.15f1/Editor/Data/MonoBleedingEdge/etc'
Using monoOptions --debugger-agent=transport=dt_socket,embedding=1,server=y,suspend=n,address=127.0.0.1:56732
Begin MonoManager ReloadAssembly
Registering precompiled unity dll's ...
Register platform support module: C:/Program Files/Unity/Hub/Editor/2021.1.15f1/Editor/Data/PlaybackEngines/WindowsStandaloneSupport/UnityEditor.WindowsStandalone.Extensions.dll
Registered in 0.004101 seconds.
Native extension for WindowsStandalone target not found
Refreshing native plugins compatible for Editor in 104.67 ms, found 4 plugins.
Preloading 0 native plugins for Editor in 0.00 ms.
Mono: successfully reloaded assembly
- Completed reload, in  4.164 seconds
Domain Reload Profiling:
	ReloadAssembly (4164ms)
		BeginReloadAssembly (101ms)
			ExecutionOrderSort (0ms)
			DisableScriptedObjects (0ms)
			BackupInstance (0ms)
			ReleaseScriptingObjects (0ms)
			CreateAndSetChildDomain (2ms)
		EndReloadAssembly (508ms)
			LoadAssemblies (97ms)
			RebuildTransferFunctionScriptingTraits (1ms)
			SetupTypeCache (178ms)
			ReleaseScriptCaches (0ms)
			RebuildScriptCaches (34ms)
			SetupLoadedEditorAssemblies (243ms)
				LogAssemblyErrors (0ms)
				InitializePlatformSupportModulesInManaged (6ms)
				SetLoadedEditorAssemblies (0ms)
				RefreshPlugins (105ms)
				BeforeProcessingInitializeOnLoad (1ms)
				ProcessInitializeOnLoadAttributes (98ms)
				ProcessInitializeOnLoadMethodAttributes (32ms)
				AfterProcessingInitializeOnLoad (0ms)
				EditorAssembliesLoaded (1ms)
			ExecutionOrderSort2 (0ms)
			AwakeInstancesAfterBackupRestoration (0ms)
Platform modules already initialized, skipping
Registering precompiled user dll's ...
Registered in 0.020675 seconds.
Begin MonoManager ReloadAssembly
Symbol file LoadedFromMemory doesn't match image C:\Users\sassa\unity\ClimbCloud\Library\PackageCache\com.unity.visualscripting@1.6.1\Editor\VisualScripting.Core\Dependencies\YamlDotNet\Unity.VisualScripting.YamlDotNet.dll
Symbol file LoadedFromMemory doesn't match image C:\Users\sassa\unity\ClimbCloud\Library\PackageCache\com.unity.visualscripting@1.6.1\Editor\VisualScripting.Core\Dependencies\DotNetZip\Unity.VisualScripting.IonicZip.dll
Native extension for WindowsStandalone target not found
Refreshing native plugins compatible for Editor in 103.26 ms, found 4 plugins.
Preloading 0 native plugins for Editor in 0.00 ms.
Mono: successfully reloaded assembly
- Completed reload, in  1.472 seconds
Domain Reload Profiling:
	ReloadAssembly (1472ms)
		BeginReloadAssembly (169ms)
			ExecutionOrderSort (0ms)
			DisableScriptedObjects (5ms)
			BackupInstance (0ms)
			ReleaseScriptingObjects (0ms)
			CreateAndSetChildDomain (22ms)
		EndReloadAssembly (1239ms)
			LoadAssemblies (218ms)
			RebuildTransferFunctionScriptingTraits (0ms)
			SetupTypeCache (374ms)
			ReleaseScriptCaches (1ms)
			RebuildScriptCaches (60ms)
			SetupLoadedEditorAssemblies (482ms)
				LogAssemblyErrors (0ms)
				InitializePlatformSupportModulesInManaged (4ms)
				SetLoadedEditorAssemblies (0ms)
				RefreshPlugins (103ms)
				BeforeProcessingInitializeOnLoad (91ms)
				ProcessInitializeOnLoadAttributes (258ms)
				ProcessInitializeOnLoadMethodAttributes (19ms)
				AfterProcessingInitializeOnLoad (7ms)
				EditorAssembliesLoaded (0ms)
			ExecutionOrderSort2 (0ms)
			AwakeInstancesAfterBackupRestoration (6ms)
Platform modules already initialized, skipping
========================================================================
Worker process is ready to serve import requests
Launched and connected shader compiler UnityShaderCompiler.exe after 0.07 seconds
Refreshing native plugins compatible for Editor in 0.77 ms, found 4 plugins.
Preloading 0 native plugins for Editor in 0.00 ms.
Unloading 3669 Unused Serialized files (Serialized files now loaded: 0)
System memory in use before: 140.5 MB.
System memory in use after: 140.6 MB.

Unloading 37 unused Assets to reduce memory usage. Loaded Objects now: 4113.
Total: 4.107500 ms (FindLiveObjects: 0.445400 ms CreateObjectMapping: 0.239500 ms MarkObjects: 3.212600 ms  DeleteObjects: 0.207100 ms)

AssetImportParameters requested are different than current active one (requested -> active):
  custom:framework-win-MediaFoundation: 216162199b28c13a410421893ffa2e32 -> 
  custom:video-decoder-ogg-theora: a1e56fd34408186e4bbccfd4996cb3dc -> 
  custom:container-muxer-webm: aa71ff27fc2769a1b78a27578f13a17b -> 
  custom:container-demuxer-webm: 4f35f7cbe854078d1ac9338744f61a02 -> 
  custom:container-demuxer-ogg: 62fdf1f143b41e24485cea50d1cbac27 -> 
  custom:video-encoder-webm-vp8: eb34c28f22e8b96e1ab97ce403110664 -> 
  custom:video-codec-MediaFoundation-h265: 746d11721c4dcdbdad8f713fa42b33f4 -> 
  custom:video-decoder-webm-vp8: 9c59270c3fd7afecdb556c50c9e8de78 -> 
  custom:audio-decoder-ogg-vorbis: bf7c407c2cedff20999df2af8eb42d56 -> 
  custom:audio-encoder-webm-vorbis: bf7c407c2cedff20999df2af8eb42d56 -> 
========================================================================
Received Import Request.
  path: Assets/cloud.png
  artifactKey: Guid(48a5cb9a3964b574f8cfbd3f1d40b743) Importer(815301076,1909f56bfc062723c751e8b465ee728b)
Start importing Assets/cloud.png using Guid(48a5cb9a3964b574f8cfbd3f1d40b743) Importer(815301076,1909f56bfc062723c751e8b465ee728b)  -> (artifact id: '9ace1012a0d0ae9db9e798a7f6af0864') in 0.183596 seconds 
========================================================================
Received Import Request.
  Time since last request: 0.000382 seconds.
  path: Assets/background_clear.png
  artifactKey: Guid(9ff514c271e270d4fb1e68024dd082d5) Importer(815301076,1909f56bfc062723c751e8b465ee728b)
Start importing Assets/background_clear.png using Guid(9ff514c271e270d4fb1e68024dd082d5) Importer(815301076,1909f56bfc062723c751e8b465ee728b)  -> (artifact id: '6db43430bb584fee154cf1262a1057c4') in 0.025337 seconds 
========================================================================
Received Import Request.
  Time since last request: 0.000389 seconds.
  path: Assets/cat_jump3.png
  artifactKey: Guid(652968dec35432345a05fe4be16def22) Importer(815301076,1909f56bfc062723c751e8b465ee728b)
Start importing Assets/cat_jump3.png using Guid(652968dec35432345a05fe4be16def22) Importer(815301076,1909f56bfc062723c751e8b465ee728b)  -> (artifact id: '99273a0f1ecdc89014a5393b011c17f7') in 0.016194 seconds 
========================================================================
Received Import Request.
  Time since last request: 0.000390 seconds.
  path: Assets/flag.png
  artifactKey: Guid(54d5881cfca54474288762c7852c9bad) Importer(815301076,1909f56bfc062723c751e8b465ee728b)
Start importing Assets/flag.png using Guid(54d5881cfca54474288762c7852c9bad) Importer(815301076,1909f56bfc062723c751e8b465ee728b)  -> (artifact id: '82804e443c37245cbf9e9e71eda41e7f') in 0.019014 seconds 
========================================================================
Received Import Request.
  Time since last request: 0.000437 seconds.
  path: Assets/background.png
  artifactKey: Guid(71bed53b72dbd6542a00b0ad032ad964) Importer(815301076,1909f56bfc062723c751e8b465ee728b)
Start importing Assets/background.png using Guid(71bed53b72dbd6542a00b0ad032ad964) Importer(815301076,1909f56bfc062723c751e8b465ee728b)  -> (artifact id: '9149a3c0521384f1ef6c8ced3916b2cb') in 0.021622 seconds 
========================================================================
Received Import Request.
  Time since last request: 0.000441 seconds.
  path: Assets/cat_walk2.png
  artifactKey: Guid(b353d4ce8a54ffb498012ed59ab27107) Importer(815301076,1909f56bfc062723c751e8b465ee728b)
Start importing Assets/cat_walk2.png using Guid(b353d4ce8a54ffb498012ed59ab27107) Importer(815301076,1909f56bfc062723c751e8b465ee728b)  -> (artifact id: 'c6d8d939a09ca0a154ddc71923fe4815') in 0.018332 seconds 
========================================================================
Received Import Request.
  Time since last request: 0.000732 seconds.
  path: Assets/cat_jump2.png
  artifactKey: Guid(90a6d3c49067a1048aca4966bc2edb8e) Importer(815301076,1909f56bfc062723c751e8b465ee728b)
Start importing Assets/cat_jump2.png using Guid(90a6d3c49067a1048aca4966bc2edb8e) Importer(815301076,1909f56bfc062723c751e8b465ee728b)  -> (artifact id: '2a1e3c3f109c4429b6a1c5e139e2a00e') in 0.015379 seconds 
========================================================================
Received Import Request.
  Time since last request: 0.000393 seconds.
  path: Assets/cat_walk3.png
  artifactKey: Guid(8b100fa780ba72149968bfe0132f0ad8) Importer(815301076,1909f56bfc062723c751e8b465ee728b)
Start importing Assets/cat_walk3.png using Guid(8b100fa780ba72149968bfe0132f0ad8) Importer(815301076,1909f56bfc062723c751e8b465ee728b)  -> (artifact id: 'faad9a7c48b34f719e8cf301c93f79b4') in 0.016232 seconds 
========================================================================
Received Import Request.
  Time since last request: 0.000316 seconds.
  path: Assets/cat.png
  artifactKey: Guid(259919bad9da634468b21e2bf7efa1c7) Importer(815301076,1909f56bfc062723c751e8b465ee728b)
Start importing Assets/cat.png using Guid(259919bad9da634468b21e2bf7efa1c7) Importer(815301076,1909f56bfc062723c751e8b465ee728b)  -> (artifact id: '02e3033f3da8561ea23ad21f75cefeec') in 0.016561 seconds 
========================================================================
Received Import Request.
  Time since last request: 0.000372 seconds.
  path: Assets/cat_jump1.png
  artifactKey: Guid(0ab6339d8031fbb448864855258b48f2) Importer(815301076,1909f56bfc062723c751e8b465ee728b)
Start importing Assets/cat_jump1.png using Guid(0ab6339d8031fbb448864855258b48f2) Importer(815301076,1909f56bfc062723c751e8b465ee728b)  -> (artifact id: '042fa33f7bd2127a268fc1ebce7f0d81') in 0.015173 seconds 
========================================================================
Received Import Request.
  Time since last request: 0.000367 seconds.
  path: Assets/cat_walk1.png
  artifactKey: Guid(762aba5a2d158c3458dcc00406353255) Importer(815301076,1909f56bfc062723c751e8b465ee728b)
Start importing Assets/cat_walk1.png using Guid(762aba5a2d158c3458dcc00406353255) Importer(815301076,1909f56bfc062723c751e8b465ee728b)  -> (artifact id: '2504b4bf6437fecd93873f82f100de2e') in 0.015278 seconds 
========================================================================
Received Import Request.
  Time since last request: 134.180758 seconds.
  path: Assets/Scenes
  artifactKey: Guid(131a6b21c8605f84396be9f6751fb6e3) Importer(815301076,1909f56bfc062723c751e8b465ee728b)
Start importing Assets/Scenes using Guid(131a6b21c8605f84396be9f6751fb6e3) Importer(815301076,1909f56bfc062723c751e8b465ee728b)  -> (artifact id: 'df75b7d1a31c5b4f73fd45661b403b04') in 0.004393 seconds 
========================================================================
Received Prepare
Registering precompiled user dll's ...
Registered in 0.014076 seconds.
Begin MonoManager ReloadAssembly
Symbol file LoadedFromMemory doesn't match image C:\Users\sassa\unity\ClimbCloud\Library\PackageCache\com.unity.visualscripting@1.6.1\Editor\VisualScripting.Core\Dependencies\YamlDotNet\Unity.VisualScripting.YamlDotNet.dll
Symbol file LoadedFromMemory doesn't match image C:\Users\sassa\unity\ClimbCloud\Library\PackageCache\com.unity.visualscripting@1.6.1\Editor\VisualScripting.Core\Dependencies\DotNetZip\Unity.VisualScripting.IonicZip.dll
Native extension for WindowsStandalone target not found
Refreshing native plugins compatible for Editor in 0.80 ms, found 4 plugins.
Preloading 0 native plugins for Editor in 0.00 ms.
Mono: successfully reloaded assembly
- Completed reload, in  1.232 seconds
Domain Reload Profiling:
	ReloadAssembly (1232ms)
		BeginReloadAssembly (139ms)
			ExecutionOrderSort (0ms)
			DisableScriptedObjects (6ms)
			BackupInstance (0ms)
			ReleaseScriptingObjects (0ms)
			CreateAndSetChildDomain (46ms)
		EndReloadAssembly (1027ms)
			LoadAssemblies (121ms)
			RebuildTransferFunctionScriptingTraits (0ms)
			SetupTypeCache (378ms)
			ReleaseScriptCaches (1ms)
			RebuildScriptCaches (49ms)
			SetupLoadedEditorAssemblies (325ms)
				LogAssemblyErrors (0ms)
				InitializePlatformSupportModulesInManaged (4ms)
				SetLoadedEditorAssemblies (0ms)
				RefreshPlugins (1ms)
				BeforeProcessingInitializeOnLoad (76ms)
				ProcessInitializeOnLoadAttributes (227ms)
				ProcessInitializeOnLoadMethodAttributes (9ms)
				AfterProcessingInitializeOnLoad (8ms)
				EditorAssembliesLoaded (0ms)
			ExecutionOrderSort2 (0ms)
			AwakeInstancesAfterBackupRestoration (19ms)
Platform modules already initialized, skipping
Switching build target platform(19) subTarget(0) extendedPlatform(0) -> platform(13) subTarget(537395200) extendedPlatform(0)
Refreshing native plugins compatible for Editor in 0.84 ms, found 4 plugins.
Preloading 0 native plugins for Editor in 0.00 ms.
Unloading 3679 Unused Serialized files (Serialized files now loaded: 0)
System memory in use before: 152.3 MB.
System memory in use after: 152.4 MB.

Unloading 25 unused Assets to reduce memory usage. Loaded Objects now: 4296.
Total: 3.989400 ms (FindLiveObjects: 0.506700 ms CreateObjectMapping: 0.213400 ms MarkObjects: 3.113900 ms  DeleteObjects: 0.152600 ms)

AssetImportParameters requested are different than current active one (requested -> active):
  custom:framework-win-MediaFoundation: 216162199b28c13a410421893ffa2e32 -> 
  custom:video-decoder-ogg-theora: a1e56fd34408186e4bbccfd4996cb3dc -> 
  custom:container-muxer-webm: aa71ff27fc2769a1b78a27578f13a17b -> 
  custom:container-demuxer-webm: 4f35f7cbe854078d1ac9338744f61a02 -> 
  custom:container-demuxer-ogg: 62fdf1f143b41e24485cea50d1cbac27 -> 
  custom:video-encoder-webm-vp8: eb34c28f22e8b96e1ab97ce403110664 -> 
  custom:video-codec-MediaFoundation-h265: 746d11721c4dcdbdad8f713fa42b33f4 -> 
  custom:video-decoder-webm-vp8: 9c59270c3fd7afecdb556c50c9e8de78 -> 
  custom:graphics/normal-map-encoding: 01000000000000000000000000000000 -> 02000000000000000000000000000000
  custom:audio-decoder-ogg-vorbis: bf7c407c2cedff20999df2af8eb42d56 -> 
  custom:audio-encoder-webm-vorbis: bf7c407c2cedff20999df2af8eb42d56 -> 
========================================================================
Received Prepare
Refreshing native plugins compatible for Editor in 6.93 ms, found 4 plugins.
Preloading 0 native plugins for Editor in 0.00 ms.
Unloading 23 Unused Serialized files (Serialized files now loaded: 0)
System memory in use before: 79.7 MB.
System memory in use after: 79.8 MB.

Unloading 23 unused Assets to reduce memory usage. Loaded Objects now: 4296.
Total: 4.123300 ms (FindLiveObjects: 0.407600 ms CreateObjectMapping: 0.183700 ms MarkObjects: 3.357300 ms  DeleteObjects: 0.173200 ms)

AssetImportParameters requested are different than current active one (requested -> active):
  custom:framework-win-MediaFoundation: 216162199b28c13a410421893ffa2e32 -> 
  custom:video-decoder-ogg-theora: a1e56fd34408186e4bbccfd4996cb3dc -> 
  custom:container-muxer-webm: aa71ff27fc2769a1b78a27578f13a17b -> 
  custom:container-demuxer-webm: 4f35f7cbe854078d1ac9338744f61a02 -> 
  custom:container-demuxer-ogg: 62fdf1f143b41e24485cea50d1cbac27 -> 
  custom:video-encoder-webm-vp8: eb34c28f22e8b96e1ab97ce403110664 -> 
  custom:video-codec-MediaFoundation-h265: 746d11721c4dcdbdad8f713fa42b33f4 -> 
  custom:video-decoder-webm-vp8: 9c59270c3fd7afecdb556c50c9e8de78 -> 
  custom:audio-decoder-ogg-vorbis: bf7c407c2cedff20999df2af8eb42d56 -> 
  custom:audio-encoder-webm-vorbis: bf7c407c2cedff20999df2af8eb42d56 -> 
========================================================================
Received Import Request.
  Time since last request: 192.719553 seconds.
  path: Assets/cloud.png
  artifactKey: Guid(48a5cb9a3964b574f8cfbd3f1d40b743) Importer(815301076,1909f56bfc062723c751e8b465ee728b)
Start importing Assets/cloud.png using Guid(48a5cb9a3964b574f8cfbd3f1d40b743) Importer(815301076,1909f56bfc062723c751e8b465ee728b)  -> (artifact id: 'efbf253bee34c11e2b82b620ec35e689') in 0.059068 seconds 
========================================================================
Received Import Request.
  Time since last request: 0.000439 seconds.
  path: Assets/background_clear.png
  artifactKey: Guid(9ff514c271e270d4fb1e68024dd082d5) Importer(815301076,1909f56bfc062723c751e8b465ee728b)
Start importing Assets/background_clear.png using Guid(9ff514c271e270d4fb1e68024dd082d5) Importer(815301076,1909f56bfc062723c751e8b465ee728b)  -> (artifact id: '7d181ddd53a0094617b1b420444d8139') in 0.013770 seconds 
========================================================================
Received Import Request.
  Time since last request: 0.000463 seconds.
  path: Assets/cat_jump3.png
  artifactKey: Guid(652968dec35432345a05fe4be16def22) Importer(815301076,1909f56bfc062723c751e8b465ee728b)
Start importing Assets/cat_jump3.png using Guid(652968dec35432345a05fe4be16def22) Importer(815301076,1909f56bfc062723c751e8b465ee728b)  -> (artifact id: '66de286abfc5257baf993d2ff5719ff4') in 0.016035 seconds 
========================================================================
Received Import Request.
  Time since last request: 0.000725 seconds.
  path: Assets/flag.png
  artifactKey: Guid(54d5881cfca54474288762c7852c9bad) Importer(815301076,1909f56bfc062723c751e8b465ee728b)
Start importing Assets/flag.png using Guid(54d5881cfca54474288762c7852c9bad) Importer(815301076,1909f56bfc062723c751e8b465ee728b)  -> (artifact id: '6fb1155ec50a33ca189910a94e8300d4') in 0.015606 seconds 
========================================================================
Received Import Request.
  Time since last request: 0.000446 seconds.
  path: Assets/background.png
  artifactKey: Guid(71bed53b72dbd6542a00b0ad032ad964) Importer(815301076,1909f56bfc062723c751e8b465ee728b)
Start importing Assets/background.png using Guid(71bed53b72dbd6542a00b0ad032ad964) Importer(815301076,1909f56bfc062723c751e8b465ee728b)  -> (artifact id: '9eda060a757c51397c08397e7e532c05') in 0.018720 seconds 
========================================================================
Received Import Request.
  Time since last request: 0.000469 seconds.
  path: Assets/cat_walk2.png
  artifactKey: Guid(b353d4ce8a54ffb498012ed59ab27107) Importer(815301076,1909f56bfc062723c751e8b465ee728b)
Start importing Assets/cat_walk2.png using Guid(b353d4ce8a54ffb498012ed59ab27107) Importer(815301076,1909f56bfc062723c751e8b465ee728b)  -> (artifact id: 'e9b09e9a9e0739184882c8ce0f83a550') in 0.027551 seconds 
========================================================================
Received Import Request.
  Time since last request: 0.000395 seconds.
  path: Assets/cat_jump2.png
  artifactKey: Guid(90a6d3c49067a1048aca4966bc2edb8e) Importer(815301076,1909f56bfc062723c751e8b465ee728b)
Start importing Assets/cat_jump2.png using Guid(90a6d3c49067a1048aca4966bc2edb8e) Importer(815301076,1909f56bfc062723c751e8b465ee728b)  -> (artifact id: '5a3c48821116c27dadac82c57c384a7f') in 0.017610 seconds 
========================================================================
Received Import Request.
  Time since last request: 0.000325 seconds.
  path: Assets/cat_walk3.png
  artifactKey: Guid(8b100fa780ba72149968bfe0132f0ad8) Importer(815301076,1909f56bfc062723c751e8b465ee728b)
Start importing Assets/cat_walk3.png using Guid(8b100fa780ba72149968bfe0132f0ad8) Importer(815301076,1909f56bfc062723c751e8b465ee728b)  -> (artifact id: 'dbbaf5faef19387104433e7ec346292f') in 0.018866 seconds 
========================================================================
Received Import Request.
  Time since last request: 0.000362 seconds.
  path: Assets/cat.png
  artifactKey: Guid(259919bad9da634468b21e2bf7efa1c7) Importer(815301076,1909f56bfc062723c751e8b465ee728b)
Start importing Assets/cat.png using Guid(259919bad9da634468b21e2bf7efa1c7) Importer(815301076,1909f56bfc062723c751e8b465ee728b)  -> (artifact id: 'a68a904c3e958b3bc7ecbc8b572ac35d') in 0.016925 seconds 
========================================================================
Received Import Request.
  Time since last request: 0.000313 seconds.
  path: Assets/cat_jump1.png
  artifactKey: Guid(0ab6339d8031fbb448864855258b48f2) Importer(815301076,1909f56bfc062723c751e8b465ee728b)
Start importing Assets/cat_jump1.png using Guid(0ab6339d8031fbb448864855258b48f2) Importer(815301076,1909f56bfc062723c751e8b465ee728b)  -> (artifact id: 'bb3fcd1b526ea178b41db0162845da0b') in 0.017212 seconds 
========================================================================
Received Import Request.
  Time since last request: 0.000377 seconds.
  path: Assets/cat_walk1.png
  artifactKey: Guid(762aba5a2d158c3458dcc00406353255) Importer(815301076,1909f56bfc062723c751e8b465ee728b)
Start importing Assets/cat_walk1.png using Guid(762aba5a2d158c3458dcc00406353255) Importer(815301076,1909f56bfc062723c751e8b465ee728b)  -> (artifact id: 'abc8c4ff0d625df183b9dca1f983203b') in 0.015564 seconds 
========================================================================
Received Prepare
Registering precompiled user dll's ...
Registered in 0.013924 seconds.
Begin MonoManager ReloadAssembly
Symbol file LoadedFromMemory doesn't match image C:\Users\sassa\unity\ClimbCloud\Library\PackageCache\com.unity.visualscripting@1.6.1\Editor\VisualScripting.Core\Dependencies\YamlDotNet\Unity.VisualScripting.YamlDotNet.dll
Symbol file LoadedFromMemory doesn't match image C:\Users\sassa\unity\ClimbCloud\Library\PackageCache\com.unity.visualscripting@1.6.1\Editor\VisualScripting.Core\Dependencies\DotNetZip\Unity.VisualScripting.IonicZip.dll
Native extension for WindowsStandalone target not found
Refreshing native plugins compatible for Editor in 0.86 ms, found 4 plugins.
Preloading 0 native plugins for Editor in 0.00 ms.
Mono: successfully reloaded assembly
- Completed reload, in  1.179 seconds
Domain Reload Profiling:
	ReloadAssembly (1179ms)
		BeginReloadAssembly (131ms)
			ExecutionOrderSort (0ms)
			DisableScriptedObjects (7ms)
			BackupInstance (0ms)
			ReleaseScriptingObjects (0ms)
			CreateAndSetChildDomain (41ms)
		EndReloadAssembly (983ms)
			LoadAssemblies (105ms)
			RebuildTransferFunctionScriptingTraits (0ms)
			SetupTypeCache (373ms)
			ReleaseScriptCaches (1ms)
			RebuildScriptCaches (48ms)
			SetupLoadedEditorAssemblies (324ms)
				LogAssemblyErrors (0ms)
				InitializePlatformSupportModulesInManaged (5ms)
				SetLoadedEditorAssemblies (0ms)
				RefreshPlugins (1ms)
				BeforeProcessingInitializeOnLoad (73ms)
				ProcessInitializeOnLoadAttributes (227ms)
				ProcessInitializeOnLoadMethodAttributes (11ms)
				AfterProcessingInitializeOnLoad (6ms)
				EditorAssembliesLoaded (0ms)
			ExecutionOrderSort2 (0ms)
			AwakeInstancesAfterBackupRestoration (20ms)
Platform modules already initialized, skipping
Switching build target platform(19) subTarget(0) extendedPlatform(0) -> platform(13) subTarget(537395200) extendedPlatform(0)
Refreshing native plugins compatible for Editor in 0.80 ms, found 4 plugins.
Preloading 0 native plugins for Editor in 0.00 ms.
Unloading 3668 Unused Serialized files (Serialized files now loaded: 0)
System memory in use before: 156.3 MB.
System memory in use after: 156.4 MB.

Unloading 25 unused Assets to reduce memory usage. Loaded Objects now: 4455.
Total: 3.944100 ms (FindLiveObjects: 0.670400 ms CreateObjectMapping: 0.170100 ms MarkObjects: 2.969400 ms  DeleteObjects: 0.131700 ms)

AssetImportParameters requested are different than current active one (requested -> active):
  custom:framework-win-MediaFoundation: 216162199b28c13a410421893ffa2e32 -> 
  custom:video-decoder-ogg-theora: a1e56fd34408186e4bbccfd4996cb3dc -> 
  custom:container-muxer-webm: aa71ff27fc2769a1b78a27578f13a17b -> 
  custom:container-demuxer-webm: 4f35f7cbe854078d1ac9338744f61a02 -> 
  custom:container-demuxer-ogg: 62fdf1f143b41e24485cea50d1cbac27 -> 
  custom:video-encoder-webm-vp8: eb34c28f22e8b96e1ab97ce403110664 -> 
  custom:video-codec-MediaFoundation-h265: 746d11721c4dcdbdad8f713fa42b33f4 -> 
  custom:video-decoder-webm-vp8: 9c59270c3fd7afecdb556c50c9e8de78 -> 
  custom:graphics/normal-map-encoding: 01000000000000000000000000000000 -> 02000000000000000000000000000000
  custom:audio-decoder-ogg-vorbis: bf7c407c2cedff20999df2af8eb42d56 -> 
  custom:audio-encoder-webm-vorbis: bf7c407c2cedff20999df2af8eb42d56 -> 
========================================================================
Received Prepare
Registering precompiled user dll's ...
Registered in 0.006892 seconds.
Begin MonoManager ReloadAssembly
Symbol file LoadedFromMemory doesn't match image C:\Users\sassa\unity\ClimbCloud\Library\PackageCache\com.unity.visualscripting@1.6.1\Editor\VisualScripting.Core\Dependencies\YamlDotNet\Unity.VisualScripting.YamlDotNet.dll
Symbol file LoadedFromMemory doesn't match image C:\Users\sassa\unity\ClimbCloud\Library\PackageCache\com.unity.visualscripting@1.6.1\Editor\VisualScripting.Core\Dependencies\DotNetZip\Unity.VisualScripting.IonicZip.dll
Native extension for WindowsStandalone target not found
Refreshing native plugins compatible for Editor in 0.83 ms, found 4 plugins.
Preloading 0 native plugins for Editor in 0.00 ms.
Mono: successfully reloaded assembly
- Completed reload, in  1.162 seconds
Domain Reload Profiling:
	ReloadAssembly (1162ms)
		BeginReloadAssembly (128ms)
			ExecutionOrderSort (0ms)
			DisableScriptedObjects (9ms)
			BackupInstance (0ms)
			ReleaseScriptingObjects (0ms)
			CreateAndSetChildDomain (39ms)
		EndReloadAssembly (970ms)
			LoadAssemblies (102ms)
			RebuildTransferFunctionScriptingTraits (0ms)
			SetupTypeCache (360ms)
			ReleaseScriptCaches (1ms)
			RebuildScriptCaches (51ms)
			SetupLoadedEditorAssemblies (319ms)
				LogAssemblyErrors (0ms)
				InitializePlatformSupportModulesInManaged (5ms)
				SetLoadedEditorAssemblies (0ms)
				RefreshPlugins (1ms)
				BeforeProcessingInitializeOnLoad (78ms)
				ProcessInitializeOnLoadAttributes (219ms)
				ProcessInitializeOnLoadMethodAttributes (9ms)
				AfterProcessingInitializeOnLoad (6ms)
				EditorAssembliesLoaded (0ms)
			ExecutionOrderSort2 (0ms)
			AwakeInstancesAfterBackupRestoration (18ms)
Platform modules already initialized, skipping
Switching build target platform(19) subTarget(0) extendedPlatform(0) -> platform(13) subTarget(537395200) extendedPlatform(0)
Refreshing native plugins compatible for Editor in 0.82 ms, found 4 plugins.
Preloading 0 native plugins for Editor in 0.00 ms.
Unloading 3668 Unused Serialized files (Serialized files now loaded: 0)
System memory in use before: 156.4 MB.
System memory in use after: 156.5 MB.

Unloading 25 unused Assets to reduce memory usage. Loaded Objects now: 4459.
Total: 4.412800 ms (FindLiveObjects: 0.403100 ms CreateObjectMapping: 0.144600 ms MarkObjects: 3.733000 ms  DeleteObjects: 0.130100 ms)

AssetImportParameters requested are different than current active one (requested -> active):
  custom:framework-win-MediaFoundation: 216162199b28c13a410421893ffa2e32 -> 
  custom:video-decoder-ogg-theora: a1e56fd34408186e4bbccfd4996cb3dc -> 
  custom:container-muxer-webm: aa71ff27fc2769a1b78a27578f13a17b -> 
  custom:container-demuxer-webm: 4f35f7cbe854078d1ac9338744f61a02 -> 
  custom:container-demuxer-ogg: 62fdf1f143b41e24485cea50d1cbac27 -> 
  custom:video-encoder-webm-vp8: eb34c28f22e8b96e1ab97ce403110664 -> 
  custom:video-codec-MediaFoundation-h265: 746d11721c4dcdbdad8f713fa42b33f4 -> 
  custom:video-decoder-webm-vp8: 9c59270c3fd7afecdb556c50c9e8de78 -> 
  custom:graphics/normal-map-encoding: 01000000000000000000000000000000 -> 02000000000000000000000000000000
  custom:audio-decoder-ogg-vorbis: bf7c407c2cedff20999df2af8eb42d56 -> 
  custom:audio-encoder-webm-vorbis: bf7c407c2cedff20999df2af8eb42d56 -> 
========================================================================
Received Prepare
Registering precompiled user dll's ...
Registered in 0.007870 seconds.
Begin MonoManager ReloadAssembly
Symbol file LoadedFromMemory doesn't match image C:\Users\sassa\unity\ClimbCloud\Library\PackageCache\com.unity.visualscripting@1.6.1\Editor\VisualScripting.Core\Dependencies\YamlDotNet\Unity.VisualScripting.YamlDotNet.dll
Symbol file LoadedFromMemory doesn't match image C:\Users\sassa\unity\ClimbCloud\Library\PackageCache\com.unity.visualscripting@1.6.1\Editor\VisualScripting.Core\Dependencies\DotNetZip\Unity.VisualScripting.IonicZip.dll
Native extension for WindowsStandalone target not found
Refreshing native plugins compatible for Editor in 0.82 ms, found 4 plugins.
Preloading 0 native plugins for Editor in 0.00 ms.
Mono: successfully reloaded assembly
- Completed reload, in  1.139 seconds
Domain Reload Profiling:
	ReloadAssembly (1139ms)
		BeginReloadAssembly (134ms)
			ExecutionOrderSort (0ms)
			DisableScriptedObjects (9ms)
			BackupInstance (0ms)
			ReleaseScriptingObjects (0ms)
			CreateAndSetChildDomain (39ms)
		EndReloadAssembly (941ms)
			LoadAssemblies (105ms)
			RebuildTransferFunctionScriptingTraits (0ms)
			SetupTypeCache (347ms)
			ReleaseScriptCaches (1ms)
			RebuildScriptCaches (48ms)
			SetupLoadedEditorAssemblies (304ms)
				LogAssemblyErrors (0ms)
				InitializePlatformSupportModulesInManaged (4ms)
				SetLoadedEditorAssemblies (0ms)
				RefreshPlugins (1ms)
				BeforeProcessingInitializeOnLoad (69ms)
				ProcessInitializeOnLoadAttributes (213ms)
				ProcessInitializeOnLoadMethodAttributes (10ms)
				AfterProcessingInitializeOnLoad (6ms)
				EditorAssembliesLoaded (0ms)
			ExecutionOrderSort2 (0ms)
			AwakeInstancesAfterBackupRestoration (19ms)
Platform modules already initialized, skipping
Switching build target platform(19) subTarget(0) extendedPlatform(0) -> platform(13) subTarget(537395200) extendedPlatform(0)
Refreshing native plugins compatible for Editor in 0.81 ms, found 4 plugins.
Preloading 0 native plugins for Editor in 0.00 ms.
Unloading 3668 Unused Serialized files (Serialized files now loaded: 0)
System memory in use before: 156.4 MB.
System memory in use after: 156.5 MB.

Unloading 25 unused Assets to reduce memory usage. Loaded Objects now: 4463.
Total: 6.674300 ms (FindLiveObjects: 0.488400 ms CreateObjectMapping: 0.237800 ms MarkObjects: 5.799300 ms  DeleteObjects: 0.146900 ms)

AssetImportParameters requested are different than current active one (requested -> active):
  custom:framework-win-MediaFoundation: 216162199b28c13a410421893ffa2e32 -> 
  custom:video-decoder-ogg-theora: a1e56fd34408186e4bbccfd4996cb3dc -> 
  custom:container-muxer-webm: aa71ff27fc2769a1b78a27578f13a17b -> 
  custom:container-demuxer-webm: 4f35f7cbe854078d1ac9338744f61a02 -> 
  custom:container-demuxer-ogg: 62fdf1f143b41e24485cea50d1cbac27 -> 
  custom:video-encoder-webm-vp8: eb34c28f22e8b96e1ab97ce403110664 -> 
  custom:video-codec-MediaFoundation-h265: 746d11721c4dcdbdad8f713fa42b33f4 -> 
  custom:video-decoder-webm-vp8: 9c59270c3fd7afecdb556c50c9e8de78 -> 
  custom:graphics/normal-map-encoding: 01000000000000000000000000000000 -> 02000000000000000000000000000000
  custom:audio-decoder-ogg-vorbis: bf7c407c2cedff20999df2af8eb42d56 -> 
  custom:audio-encoder-webm-vorbis: bf7c407c2cedff20999df2af8eb42d56 -> 
